<?xml version="1.0" encoding="UTF-8"?>
<testsuites name="jest tests" tests="9" failures="0" errors="0" time="1.14">
  <testsuite name="src/lib/api/__tests__/notification-preference-api.test.ts" errors="0" failures="0" skipped="0" timestamp="2026-08-14T06:44:16" time="0.541" tests="9">
    <testcase classname="NotificationPreferenceApi › getPreferences" name="should get preferences" time="0.004">
    </testcase>
    <testcase classname="NotificationPreferenceApi › getMyPreferences" name="should get my preferences" time="0.001">
    </testcase>
    <testcase classname="NotificationPreferenceApi › getPreferencesByUserId" name="should get preferences by user id" time="0.001">
    </testcase>
    <testcase classname="NotificationPreferenceApi › updateMyPreferences" name="should update my preferences" time="0.001">
    </testcase>
    <testcase classname="NotificationPreferenceApi › updatePreferences" name="should update preferences for user" time="0.001">
    </testcase>
    <testcase classname="NotificationPreferenceApi › resetToDefault" name="should reset to default" time="0.001">
    </testcase>
    <testcase classname="NotificationPreferenceApi › getTemplates" name="should get templates" time="0.001">
    </testcase>
    <testcase classname="NotificationPreferenceApi › applyTemplate" name="should apply template" time="0.001">
    </testcase>
    <testcase classname="NotificationPreferenceApi › bulkUpdate" name="should bulk update preferences" time="0.001">
    </testcase>
  </testsuite>
</testsuites>