<?xml version="1.0" encoding="UTF-8"?>
<testsuites name="jest tests" tests="2" failures="0" errors="0" time="2.306">
  <testsuite name="src/components/ticket/__tests__/TicketDetail.test.tsx" errors="0" failures="0" skipped="0" timestamp="2026-08-27T07:56:21" time="1.874" tests="2">
    <testcase classname="TicketDetail" name="renders Chinese label for open status instead of raw &quot;open&quot;" time="0.366">
    </testcase>
    <testcase classname="TicketDetail" name="renders Chinese label for assigned status instead of raw &quot;assigned&quot;" time="0.119">
    </testcase>
  </testsuite>
</testsuites>